2025-04-13 02:07:10,244 - INFO - Loading model from Brain_Tumor_Detection_Model.keras...
2025-04-13 02:07:11,104 - INFO - Model loaded successfully
2025-04-13 02:07:11,126 - INFO - Found 394 images to process
2025-04-13 02:12:25,177 - ERROR - Error processing image(1).jpg: 'Helvetica-Italic'
2025-04-13 02:12:26,843 - ERROR - Error processing image(10).jpg: 'Helvetica-Italic'
2025-04-13 02:12:28,488 - ERROR - Error processing image(100).jpg: 'Helvetica-Italic'
2025-04-13 02:12:29,983 - ERROR - Error processing image(11).jpg: 'Helvetica-Italic'
2025-04-13 02:12:31,227 - ERROR - Error processing image(12).jpg: 'Helvetica-Italic'
2025-04-13 02:12:32,367 - ERROR - Error processing image(13).jpg: 'Helvetica-Italic'
2025-04-13 02:12:33,637 - ERROR - Error processing image(14).jpg: 'Helvetica-Italic'
2025-04-13 02:12:34,831 - ERROR - Error processing image(15).jpg: 'Helvetica-Italic'
2025-04-13 02:12:36,002 - ERROR - Error processing image(16).jpg: 'Helvetica-Italic'
2025-04-13 02:12:37,324 - ERROR - Error processing image(17).jpg: 'Helvetica-Italic'
2025-04-13 02:12:38,467 - ERROR - Error processing image(18).jpg: 'Helvetica-Italic'
2025-04-13 02:12:39,475 - ERROR - Error processing image(19).jpg: 'Helvetica-Italic'
2025-04-13 02:12:40,727 - ERROR - Error processing image(2).jpg: 'Helvetica-Italic'
2025-04-13 02:12:41,850 - ERROR - Error processing image(20).jpg: 'Helvetica-Italic'
2025-04-13 02:12:43,263 - ERROR - Error processing image(21).jpg: 'Helvetica-Italic'
2025-04-13 02:12:44,517 - ERROR - Error processing image(22).jpg: 'Helvetica-Italic'
2025-04-13 02:12:45,982 - ERROR - Error processing image(23).jpg: 'Helvetica-Italic'
2025-04-13 02:12:47,315 - ERROR - Error processing image(24).jpg: 'Helvetica-Italic'
2025-04-13 02:12:48,565 - ERROR - Error processing image(25).jpg: 'Helvetica-Italic'
2025-04-13 02:12:49,587 - ERROR - Error processing image(26).jpg: 'Helvetica-Italic'
2025-04-13 02:12:50,649 - ERROR - Error processing image(27).jpg: 'Helvetica-Italic'
2025-04-13 02:12:51,901 - ERROR - Error processing image(28).jpg: 'Helvetica-Italic'
2025-04-13 02:12:53,177 - ERROR - Error processing image(29).jpg: 'Helvetica-Italic'
2025-04-13 02:12:54,216 - ERROR - Error processing image(3).jpg: 'Helvetica-Italic'
2025-04-13 02:12:55,548 - ERROR - Error processing image(30).jpg: 'Helvetica-Italic'
2025-04-13 02:12:56,741 - ERROR - Error processing image(31).jpg: 'Helvetica-Italic'
2025-04-13 02:12:57,830 - ERROR - Error processing image(32).jpg: 'Helvetica-Italic'
2025-04-13 02:12:59,083 - ERROR - Error processing image(33).jpg: 'Helvetica-Italic'
2025-04-13 02:13:01,184 - ERROR - Error processing image(34).jpg: 'Helvetica-Italic'
2025-04-13 02:13:02,264 - ERROR - Error processing image(35).jpg: 'Helvetica-Italic'
2025-04-13 02:13:03,416 - ERROR - Error processing image(36).jpg: 'Helvetica-Italic'
2025-04-13 02:13:04,482 - ERROR - Error processing image(37).jpg: 'Helvetica-Italic'
2025-04-13 02:13:05,634 - ERROR - Error processing image(38).jpg: 'Helvetica-Italic'
2025-04-13 02:13:06,678 - ERROR - Error processing image(39).jpg: 'Helvetica-Italic'
2025-04-13 02:13:07,563 - ERROR - Error processing image(4).jpg: 'Helvetica-Italic'
2025-04-13 02:13:08,657 - ERROR - Error processing image(40).jpg: 'Helvetica-Italic'
2025-04-13 02:13:09,676 - ERROR - Error processing image(41).jpg: 'Helvetica-Italic'
2025-04-13 02:13:10,948 - ERROR - Error processing image(42).jpg: 'Helvetica-Italic'
2025-04-13 02:13:11,968 - ERROR - Error processing image(43).jpg: 'Helvetica-Italic'
2025-04-13 02:13:12,975 - ERROR - Error processing image(44).jpg: 'Helvetica-Italic'
2025-04-13 02:13:13,926 - ERROR - Error processing image(45).jpg: 'Helvetica-Italic'
2025-04-13 02:13:14,991 - ERROR - Error processing image(46).jpg: 'Helvetica-Italic'
2025-04-13 02:13:16,283 - ERROR - Error processing image(47).jpg: 'Helvetica-Italic'
2025-04-13 02:13:17,313 - ERROR - Error processing image(48).jpg: 'Helvetica-Italic'
2025-04-13 02:13:18,317 - ERROR - Error processing image(49).jpg: 'Helvetica-Italic'
2025-04-13 02:13:19,655 - ERROR - Error processing image(5).jpg: 'Helvetica-Italic'
2025-04-13 02:13:20,747 - ERROR - Error processing image(50).jpg: 'Helvetica-Italic'
2025-04-13 02:13:21,890 - ERROR - Error processing image(51).jpg: 'Helvetica-Italic'
2025-04-13 02:13:23,247 - ERROR - Error processing image(52).jpg: 'Helvetica-Italic'
2025-04-13 02:13:24,256 - ERROR - Error processing image(53).jpg: 'Helvetica-Italic'
2025-04-13 02:13:25,273 - ERROR - Error processing image(54).jpg: 'Helvetica-Italic'
2025-04-13 02:13:26,316 - ERROR - Error processing image(55).jpg: 'Helvetica-Italic'
2025-04-13 02:13:27,231 - ERROR - Error processing image(56).jpg: 'Helvetica-Italic'
2025-04-13 02:13:28,204 - ERROR - Error processing image(57).jpg: 'Helvetica-Italic'
2025-04-13 02:13:29,265 - ERROR - Error processing image(58).jpg: 'Helvetica-Italic'
2025-04-13 02:13:30,307 - ERROR - Error processing image(59).jpg: 'Helvetica-Italic'
2025-04-13 02:13:31,529 - ERROR - Error processing image(6).jpg: 'Helvetica-Italic'
2025-04-13 02:13:32,523 - ERROR - Error processing image(60).jpg: 'Helvetica-Italic'
2025-04-13 02:13:33,484 - ERROR - Error processing image(61).jpg: 'Helvetica-Italic'
2025-04-13 02:13:34,465 - ERROR - Error processing image(62).jpg: 'Helvetica-Italic'
2025-04-13 02:13:35,555 - ERROR - Error processing image(63).jpg: 'Helvetica-Italic'
2025-04-13 02:13:36,646 - ERROR - Error processing image(64).jpg: 'Helvetica-Italic'
2025-04-13 02:13:37,750 - ERROR - Error processing image(65).jpg: 'Helvetica-Italic'
2025-04-13 02:13:38,665 - ERROR - Error processing image(66).jpg: 'Helvetica-Italic'
2025-04-13 02:13:39,601 - ERROR - Error processing image(67).jpg: 'Helvetica-Italic'
2025-04-13 02:13:40,616 - ERROR - Error processing image(68).jpg: 'Helvetica-Italic'
2025-04-13 02:13:41,652 - ERROR - Error processing image(69).jpg: 'Helvetica-Italic'
2025-04-13 02:13:42,558 - ERROR - Error processing image(7).jpg: 'Helvetica-Italic'
2025-04-13 02:13:43,530 - ERROR - Error processing image(70).jpg: 'Helvetica-Italic'
2025-04-13 02:13:44,558 - ERROR - Error processing image(71).jpg: 'Helvetica-Italic'
2025-04-13 02:13:45,861 - ERROR - Error processing image(72).jpg: 'Helvetica-Italic'
2025-04-13 02:13:46,816 - ERROR - Error processing image(73).jpg: 'Helvetica-Italic'
2025-04-13 02:13:47,748 - ERROR - Error processing image(74).jpg: 'Helvetica-Italic'
2025-04-13 02:13:48,661 - ERROR - Error processing image(75).jpg: 'Helvetica-Italic'
2025-04-13 02:13:49,619 - ERROR - Error processing image(76).jpg: 'Helvetica-Italic'
2025-04-13 02:13:50,892 - ERROR - Error processing image(77).jpg: 'Helvetica-Italic'
2025-04-13 02:13:52,041 - ERROR - Error processing image(78).jpg: 'Helvetica-Italic'
2025-04-13 02:13:53,194 - ERROR - Error processing image(79).jpg: 'Helvetica-Italic'
2025-04-13 02:13:54,317 - ERROR - Error processing image(8).jpg: 'Helvetica-Italic'
2025-04-13 02:13:55,875 - ERROR - Error processing image(80).jpg: 'Helvetica-Italic'
2025-04-13 02:13:57,091 - ERROR - Error processing image(81).jpg: 'Helvetica-Italic'
2025-04-13 02:13:58,225 - ERROR - Error processing image(82).jpg: 'Helvetica-Italic'
2025-04-13 02:13:59,256 - ERROR - Error processing image(83).jpg: 'Helvetica-Italic'
2025-04-13 02:14:00,892 - ERROR - Error processing image(84).jpg: 'Helvetica-Italic'
2025-04-13 02:14:01,934 - ERROR - Error processing image(85).jpg: 'Helvetica-Italic'
2025-04-13 02:14:03,061 - ERROR - Error processing image(86).jpg: 'Helvetica-Italic'
2025-04-13 02:14:04,278 - ERROR - Error processing image(87).jpg: 'Helvetica-Italic'
2025-04-13 02:14:05,584 - ERROR - Error processing image(88).jpg: 'Helvetica-Italic'
2025-04-13 02:14:06,849 - ERROR - Error processing image(89).jpg: 'Helvetica-Italic'
2025-04-13 02:14:08,119 - ERROR - Error processing image(9).jpg: 'Helvetica-Italic'
2025-04-13 02:14:09,642 - ERROR - Error processing image(90).jpg: 'Helvetica-Italic'
2025-04-13 02:14:10,811 - ERROR - Error processing image(91).jpg: 'Helvetica-Italic'
2025-04-13 02:14:12,170 - ERROR - Error processing image(92).jpg: 'Helvetica-Italic'
2025-04-13 02:14:13,441 - ERROR - Error processing image(93).jpg: 'Helvetica-Italic'
2025-04-13 02:14:14,597 - ERROR - Error processing image(94).jpg: 'Helvetica-Italic'
2025-04-13 02:14:15,777 - ERROR - Error processing image(95).jpg: 'Helvetica-Italic'
2025-04-13 02:14:16,846 - ERROR - Error processing image(97).jpg: 'Helvetica-Italic'
2025-04-13 02:14:18,613 - ERROR - Error processing image(98).jpg: 'Helvetica-Italic'
2025-04-13 02:14:19,831 - ERROR - Error processing image(99).jpg: 'Helvetica-Italic'
2025-04-13 02:14:20,990 - ERROR - Error processing image.jpg: 'Helvetica-Italic'
2025-04-13 02:14:21,993 - ERROR - Error processing image(1).jpg: 'Helvetica-Italic'
2025-04-13 02:14:23,161 - ERROR - Error processing image(10).jpg: 'Helvetica-Italic'
2025-04-13 02:14:24,183 - ERROR - Error processing image(100).jpg: 'Helvetica-Italic'
2025-04-13 02:14:25,518 - ERROR - Error processing image(102).jpg: 'Helvetica-Italic'
2025-04-13 02:14:26,692 - ERROR - Error processing image(106).jpg: 'Helvetica-Italic'
2025-04-13 02:14:27,871 - ERROR - Error processing image(107).jpg: 'Helvetica-Italic'
2025-04-13 02:14:29,078 - ERROR - Error processing image(109).jpg: 'Helvetica-Italic'
2025-04-13 02:14:30,278 - ERROR - Error processing image(11).jpg: 'Helvetica-Italic'
2025-04-13 02:14:31,658 - ERROR - Error processing image(112).jpg: 'Helvetica-Italic'
2025-04-13 02:14:32,830 - ERROR - Error processing image(113).jpg: 'Helvetica-Italic'
2025-04-13 02:14:34,000 - ERROR - Error processing image(118).jpg: 'Helvetica-Italic'
2025-04-13 02:14:35,737 - ERROR - Error processing image(12).jpg: 'Helvetica-Italic'
2025-04-13 02:14:37,014 - ERROR - Error processing image(120).jpg: 'Helvetica-Italic'
2025-04-13 02:14:38,260 - ERROR - Error processing image(121).jpg: 'Helvetica-Italic'
2025-04-13 02:14:39,592 - ERROR - Error processing image(123).jpg: 'Helvetica-Italic'
2025-04-13 02:14:40,837 - ERROR - Error processing image(124).jpg: 'Helvetica-Italic'
2025-04-13 02:14:42,057 - ERROR - Error processing image(125).jpg: 'Helvetica-Italic'
2025-04-13 02:14:43,336 - ERROR - Error processing image(126).jpg: 'Helvetica-Italic'
2025-04-13 02:14:44,678 - ERROR - Error processing image(127).jpg: 'Helvetica-Italic'
2025-04-13 02:14:45,840 - ERROR - Error processing image(13).jpg: 'Helvetica-Italic'
2025-04-13 02:14:47,113 - ERROR - Error processing image(14).jpg: 'Helvetica-Italic'
2025-04-13 02:14:48,362 - ERROR - Error processing image(15).jpg: 'Helvetica-Italic'
2025-04-13 02:14:49,679 - ERROR - Error processing image(16).jpg: 'Helvetica-Italic'
2025-04-13 02:14:50,877 - ERROR - Error processing image(17).jpg: 'Helvetica-Italic'
2025-04-13 02:14:52,277 - ERROR - Error processing image(18).jpg: 'Helvetica-Italic'
2025-04-13 02:14:53,870 - ERROR - Error processing image(19).jpg: 'Helvetica-Italic'
2025-04-13 02:14:55,018 - ERROR - Error processing image(2).jpg: 'Helvetica-Italic'
2025-04-13 02:14:56,063 - ERROR - Error processing image(20).jpg: 'Helvetica-Italic'
2025-04-13 02:14:57,301 - ERROR - Error processing image(21).jpg: 'Helvetica-Italic'
2025-04-13 02:14:58,349 - ERROR - Error processing image(22).jpg: 'Helvetica-Italic'
2025-04-13 02:14:59,543 - ERROR - Error processing image(23).jpg: 'Helvetica-Italic'
2025-04-13 02:15:00,678 - ERROR - Error processing image(24).jpg: 'Helvetica-Italic'
2025-04-13 02:15:01,683 - ERROR - Error processing image(25).jpg: 'Helvetica-Italic'
2025-04-13 02:15:02,696 - ERROR - Error processing image(26).jpg: 'Helvetica-Italic'
2025-04-13 02:15:03,831 - ERROR - Error processing image(27).jpg: 'Helvetica-Italic'
2025-04-13 02:15:05,000 - ERROR - Error processing image(28).jpg: 'Helvetica-Italic'
2025-04-13 02:15:06,482 - ERROR - Error processing image(29).jpg: 'Helvetica-Italic'
2025-04-13 02:15:07,550 - ERROR - Error processing image(3).jpg: 'Helvetica-Italic'
2025-04-13 02:15:08,603 - ERROR - Error processing image(30).jpg: 'Helvetica-Italic'
2025-04-13 02:15:10,206 - ERROR - Error processing image(31).jpg: 'Helvetica-Italic'
2025-04-13 02:15:11,277 - ERROR - Error processing image(32).jpg: 'Helvetica-Italic'
2025-04-13 02:15:12,468 - ERROR - Error processing image(33).jpg: 'Helvetica-Italic'
2025-04-13 02:15:14,010 - ERROR - Error processing image(34).jpg: 'Helvetica-Italic'
2025-04-13 02:15:15,329 - ERROR - Error processing image(35).jpg: 'Helvetica-Italic'
2025-04-13 02:15:16,480 - ERROR - Error processing image(36).jpg: 'Helvetica-Italic'
2025-04-13 02:15:17,738 - ERROR - Error processing image(37).jpg: 'Helvetica-Italic'
2025-04-13 02:15:18,910 - ERROR - Error processing image(38).jpg: 'Helvetica-Italic'
2025-04-13 02:15:20,138 - ERROR - Error processing image(39).jpg: 'Helvetica-Italic'
2025-04-13 02:15:21,292 - ERROR - Error processing image(4).jpg: 'Helvetica-Italic'
2025-04-13 02:15:22,411 - ERROR - Error processing image(40).jpg: 'Helvetica-Italic'
2025-04-13 02:15:23,455 - ERROR - Error processing image(41).jpg: 'Helvetica-Italic'
2025-04-13 02:15:24,587 - ERROR - Error processing image(42).jpg: 'Helvetica-Italic'
2025-04-13 02:15:25,687 - ERROR - Error processing image(43).jpg: 'Helvetica-Italic'
2025-04-13 02:15:27,051 - ERROR - Error processing image(44).jpg: 'Helvetica-Italic'
2025-04-13 02:15:28,330 - ERROR - Error processing image(45).jpg: 'Helvetica-Italic'
2025-04-13 02:15:29,571 - ERROR - Error processing image(46).jpg: 'Helvetica-Italic'
2025-04-13 02:15:30,744 - ERROR - Error processing image(47).jpg: 'Helvetica-Italic'
2025-04-13 02:15:31,962 - ERROR - Error processing image(48).jpg: 'Helvetica-Italic'
2025-04-13 02:15:33,226 - ERROR - Error processing image(49).jpg: 'Helvetica-Italic'
2025-04-13 02:15:34,359 - ERROR - Error processing image(5).jpg: 'Helvetica-Italic'
2025-04-13 02:15:35,591 - ERROR - Error processing image(50).jpg: 'Helvetica-Italic'
2025-04-13 02:15:36,803 - ERROR - Error processing image(51).jpg: 'Helvetica-Italic'
2025-04-13 02:15:37,855 - ERROR - Error processing image(52).jpg: 'Helvetica-Italic'
2025-04-13 02:15:38,908 - ERROR - Error processing image(53).jpg: 'Helvetica-Italic'
2025-04-13 02:15:40,005 - ERROR - Error processing image(54).jpg: 'Helvetica-Italic'
2025-04-13 02:15:41,158 - ERROR - Error processing image(55).jpg: 'Helvetica-Italic'
2025-04-13 02:15:42,716 - ERROR - Error processing image(56).jpg: 'Helvetica-Italic'
2025-04-13 02:15:43,901 - ERROR - Error processing image(57).jpg: 'Helvetica-Italic'
2025-04-13 02:15:45,030 - ERROR - Error processing image(58).jpg: 'Helvetica-Italic'
2025-04-13 02:15:46,319 - ERROR - Error processing image(59).jpg: 'Helvetica-Italic'
2025-04-13 02:15:47,704 - ERROR - Error processing image(6).jpg: 'Helvetica-Italic'
2025-04-13 02:15:48,992 - ERROR - Error processing image(60).jpg: 'Helvetica-Italic'
2025-04-13 02:15:50,175 - ERROR - Error processing image(61).jpg: 'Helvetica-Italic'
2025-04-13 02:15:51,353 - ERROR - Error processing image(62).jpg: 'Helvetica-Italic'
2025-04-13 02:15:52,525 - ERROR - Error processing image(63).jpg: 'Helvetica-Italic'
2025-04-13 02:15:53,647 - ERROR - Error processing image(64).jpg: 'Helvetica-Italic'
2025-04-13 02:15:55,618 - ERROR - Error processing image(65).jpg: 'Helvetica-Italic'
2025-04-13 02:15:56,719 - ERROR - Error processing image(66).jpg: 'Helvetica-Italic'
2025-04-13 02:15:57,851 - ERROR - Error processing image(67).jpg: 'Helvetica-Italic'
2025-04-13 02:15:58,932 - ERROR - Error processing image(68).jpg: 'Helvetica-Italic'
2025-04-13 02:16:00,277 - ERROR - Error processing image(69).jpg: 'Helvetica-Italic'
2025-04-13 02:16:03,116 - ERROR - Error processing image(7).jpg: 'Helvetica-Italic'
2025-04-13 02:16:04,196 - ERROR - Error processing image(70).jpg: 'Helvetica-Italic'
2025-04-13 02:16:05,335 - ERROR - Error processing image(71).jpg: 'Helvetica-Italic'
2025-04-13 02:16:06,528 - ERROR - Error processing image(72).jpg: 'Helvetica-Italic'
2025-04-13 02:16:07,750 - ERROR - Error processing image(73).jpg: 'Helvetica-Italic'
2025-04-13 02:16:08,977 - ERROR - Error processing image(74).jpg: 'Helvetica-Italic'
2025-04-13 02:16:10,139 - ERROR - Error processing image(75).jpg: 'Helvetica-Italic'
2025-04-13 02:16:11,317 - ERROR - Error processing image(76).jpg: 'Helvetica-Italic'
2025-04-13 02:16:12,336 - ERROR - Error processing image(77).jpg: 'Helvetica-Italic'
2025-04-13 02:16:13,520 - ERROR - Error processing image(78).jpg: 'Helvetica-Italic'
2025-04-13 02:16:14,614 - ERROR - Error processing image(79).jpg: 'Helvetica-Italic'
2025-04-13 02:16:15,665 - ERROR - Error processing image(8).jpg: 'Helvetica-Italic'
2025-04-13 02:16:16,586 - ERROR - Error processing image(80).jpg: 'Helvetica-Italic'
2025-04-13 02:16:17,495 - ERROR - Error processing image(81).jpg: 'Helvetica-Italic'
2025-04-13 02:16:18,470 - ERROR - Error processing image(82).jpg: 'Helvetica-Italic'
2025-04-13 02:16:20,175 - ERROR - Error processing image(83).jpg: 'Helvetica-Italic'
2025-04-13 02:16:21,290 - ERROR - Error processing image(84).jpg: 'Helvetica-Italic'
2025-04-13 02:16:22,429 - ERROR - Error processing image(85).jpg: 'Helvetica-Italic'
2025-04-13 02:16:23,423 - ERROR - Error processing image(86).jpg: 'Helvetica-Italic'
2025-04-13 02:16:24,479 - ERROR - Error processing image(87).jpg: 'Helvetica-Italic'
2025-04-13 02:16:25,521 - ERROR - Error processing image(88).jpg: 'Helvetica-Italic'
2025-04-13 02:16:25,828 - INFO - Loading model from Brain_Tumor_Detection_Model.keras...
2025-04-13 02:16:26,312 - INFO - Model loaded successfully
2025-04-13 02:16:26,327 - INFO - Found 394 images to process
2025-04-13 02:16:26,409 - ERROR - Error processing image(89).jpg: 'Helvetica-Italic'
2025-04-13 02:16:27,640 - ERROR - Error processing image(9).jpg: 'Helvetica-Italic'
2025-04-13 02:16:28,669 - ERROR - Error processing image(90).jpg: 'Helvetica-Italic'
2025-04-13 02:16:29,635 - ERROR - Error processing image(91).jpg: 'Helvetica-Italic'
2025-04-13 02:16:30,598 - ERROR - Error processing image(92).jpg: 'Helvetica-Italic'
2025-04-13 02:16:31,664 - ERROR - Error processing image(93).jpg: 'Helvetica-Italic'
2025-04-13 02:16:32,721 - ERROR - Error processing image(94).jpg: 'Helvetica-Italic'
2025-04-13 02:16:33,646 - ERROR - Error processing image(95).jpg: 'Helvetica-Italic'
2025-04-13 02:16:35,143 - ERROR - Error processing image(96).jpg: 'Helvetica-Italic'
2025-04-13 02:16:36,125 - ERROR - Error processing image(97).jpg: 'Helvetica-Italic'
2025-04-13 02:16:36,907 - ERROR - Error processing image(98).jpg: 
identity=[ImageReader@0x29b2e56e180 filename='temp_visualization.png'] unrecognized data stream contents when reading image file
2025-04-13 02:16:37,937 - ERROR - Error processing image(99).jpg: 'Helvetica-Italic'
2025-04-13 02:16:39,002 - ERROR - Error processing image.jpg: 'Helvetica-Italic'
2025-04-13 02:16:39,944 - ERROR - Error processing image(1).jpg: 'Helvetica-Italic'
2025-04-13 02:16:40,540 - ERROR - Error processing image(100).jpg: 
fileName='temp_visualization.png' identity=[ImageReader@0x1e9d69c6f00 filename='temp_visualization.png'] cannot identify image file <_io.BytesIO object at 0x000001E9D69DCC70>
2025-04-13 02:16:40,935 - ERROR - Error processing image(10).jpg: 'Helvetica-Italic'
2025-04-13 02:16:41,832 - ERROR - Error processing image(100).jpg: 'Helvetica-Italic'
2025-04-13 02:16:42,581 - ERROR - Error processing image(101).jpg: 
identity=[ImageReader@0x29b2e663e00 filename='temp_visualization.png'] unrecognized data stream contents when reading image file
2025-04-13 02:16:42,668 - ERROR - Error processing image(12).jpg: 
identity=[ImageReader@0x1e9d7863020 filename='temp_visualization.png'] unrecognized data stream contents when reading image file
2025-04-13 02:16:43,316 - ERROR - Error processing image(102).jpg: 
identity=[ImageReader@0x29b335d02c0 filename='temp_visualization.png'] unrecognized data stream contents when reading image file
2025-04-13 02:16:44,337 - ERROR - Error processing image(103).jpg: 'Helvetica-Italic'
2025-04-13 02:16:45,443 - ERROR - Error processing image(104).jpg: 'Helvetica-Italic'
2025-04-13 02:16:46,123 - ERROR - Error processing image(15).jpg: 
identity=[ImageReader@0x1e9dde1e3c0 filename='temp_visualization.png'] broken PNG file (chunk b'\x00\x00\x00\x00')
2025-04-13 02:16:46,467 - ERROR - Error processing image(11).jpg: 'Helvetica-Italic'
2025-04-13 02:16:47,588 - ERROR - Error processing image(12).jpg: 'Helvetica-Italic'
2025-04-13 02:16:49,044 - ERROR - Error processing image(13).jpg: 'Helvetica-Italic'
2025-04-13 02:16:50,101 - ERROR - Error processing image(14).jpg: 'Helvetica-Italic'
2025-04-13 02:16:50,676 - ERROR - Error processing image(19).jpg: 
identity=[ImageReader@0x1e9ddca53a0 filename='temp_visualization.png'] broken PNG file (chunk b'\x00\x00\x00\x00')
2025-04-13 02:16:51,019 - ERROR - Error processing image(15).jpg: 'Helvetica-Italic'
2025-04-13 02:16:52,003 - ERROR - Error processing image(16).jpg: 'Helvetica-Italic'
2025-04-13 02:16:53,305 - ERROR - Error processing image(17).jpg: 'Helvetica-Italic'
2025-04-13 02:16:54,597 - ERROR - Error processing image(18).jpg: 'Helvetica-Italic'
2025-04-13 02:16:55,666 - ERROR - Error processing image(19).jpg: 'Helvetica-Italic'
2025-04-13 02:16:56,622 - ERROR - Error processing image(2).jpg: 'Helvetica-Italic'
2025-04-13 02:16:57,688 - ERROR - Error processing image(20).jpg: 'Helvetica-Italic'
2025-04-13 02:16:58,395 - ERROR - Error processing image(24).jpg: 
identity=[ImageReader@0x1e9e0f6aae0 filename='temp_visualization.png'] broken PNG file (chunk b'\x00\x00\x00\x00')
2025-04-13 02:16:58,789 - ERROR - Error processing image(21).jpg: 'Helvetica-Italic'
2025-04-13 02:17:00,021 - ERROR - Error processing image(22).jpg: 'Helvetica-Italic'
2025-04-13 02:17:00,680 - ERROR - Error processing image(26).jpg: 
identity=[ImageReader@0x1e9e0ff8470 filename='temp_visualization.png'] broken PNG file (chunk b'\x00\x00\x00\x00')
2025-04-13 02:17:01,081 - ERROR - Error processing image(23).jpg: 'Helvetica-Italic'
2025-04-13 02:17:02,192 - ERROR - Error processing image(24).jpg: 'Helvetica-Italic'
2025-04-13 02:17:03,319 - ERROR - Error processing image(25).jpg: 'Helvetica-Italic'
2025-04-13 02:17:05,214 - ERROR - Error processing image(26).jpg: 'Helvetica-Italic'
2025-04-13 02:17:06,407 - ERROR - Error processing image(27).jpg: 'Helvetica-Italic'
2025-04-13 02:17:07,619 - ERROR - Error processing image(28).jpg: 'Helvetica-Italic'
2025-04-13 02:17:08,730 - ERROR - Error processing image(29).jpg: 'Helvetica-Italic'
2025-04-13 02:17:10,073 - ERROR - Error processing image(3).jpg: 'Helvetica-Italic'
2025-04-13 02:17:11,243 - ERROR - Error processing image(30).jpg: 'Helvetica-Italic'
2025-04-13 02:17:11,983 - ERROR - Error processing image(34).jpg: 
identity=[ImageReader@0x1e9dd8ef800 filename='temp_visualization.png'] broken PNG file (chunk b'\x00\x00\x00\x00')
2025-04-13 02:17:12,233 - ERROR - Error processing image(31).jpg: 'Helvetica-Italic'
2025-04-13 02:17:13,550 - ERROR - Error processing image(32).jpg: 'Helvetica-Italic'
2025-04-13 02:17:14,740 - ERROR - Error processing image(33).jpg: 'Helvetica-Italic'
2025-04-13 02:17:15,418 - ERROR - Error processing image(37).jpg: 
identity=[ImageReader@0x1e9d69abe60 filename='temp_visualization.png'] broken PNG file (chunk b'\x00\x00\x00\x00')
2025-04-13 02:17:15,881 - ERROR - Error processing image(34).jpg: 'Helvetica-Italic'
2025-04-13 02:17:17,066 - ERROR - Error processing image(35).jpg: 'Helvetica-Italic'
2025-04-13 02:17:18,239 - ERROR - Error processing image(36).jpg: 'Helvetica-Italic'
2025-04-13 02:17:19,270 - ERROR - Error processing image(37).jpg: 'Helvetica-Italic'
2025-04-13 02:17:19,992 - ERROR - Error processing image(40).jpg: 
identity=[ImageReader@0x1e9ddc2e4b0 filename='temp_visualization.png'] broken PNG file (chunk b'\x00\x00\x00\x00')
2025-04-13 02:17:20,457 - ERROR - Error processing image(38).jpg: 'Helvetica-Italic'
2025-04-13 02:17:22,366 - ERROR - Error processing image(39).jpg: 'Helvetica-Italic'
2025-04-13 02:17:23,146 - ERROR - Error processing image(4).jpg: 
identity=[ImageReader@0x29b335f9b20 filename='temp_visualization.png'] unrecognized data stream contents when reading image file
2025-04-13 02:17:24,469 - ERROR - Error processing image(40).jpg: 'Helvetica-Italic'
2025-04-13 02:17:25,575 - ERROR - Error processing image(41).jpg: 'Helvetica-Italic'
2025-04-13 02:17:26,645 - ERROR - Error processing image(42).jpg: 'Helvetica-Italic'
2025-04-13 02:17:27,768 - ERROR - Error processing image(43).jpg: 'Helvetica-Italic'
2025-04-13 02:17:28,901 - ERROR - Error processing image(44).jpg: 'Helvetica-Italic'
2025-04-13 02:17:29,910 - ERROR - Error processing image(45).jpg: 'Helvetica-Italic'
2025-04-13 02:17:31,029 - ERROR - Error processing image(46).jpg: 'Helvetica-Italic'
2025-04-13 02:17:31,688 - ERROR - Error processing image(5).jpg: 
identity=[ImageReader@0x1e9e0e27020 filename='temp_visualization.png'] broken PNG file (chunk b'\x00\x00\x00\x00')
2025-04-13 02:17:32,076 - ERROR - Error processing image(47).jpg: 'Helvetica-Italic'
2025-04-13 02:17:33,149 - ERROR - Error processing image(48).jpg: 'Helvetica-Italic'
2025-04-13 02:17:34,143 - ERROR - Error processing image(49).jpg: 'Helvetica-Italic'
2025-04-13 02:17:35,317 - ERROR - Error processing image(5).jpg: 'Helvetica-Italic'
2025-04-13 02:17:36,130 - ERROR - Error processing image(50).jpg: 
identity=[ImageReader@0x29b387c40e0 filename='temp_visualization.png'] unrecognized data stream contents when reading image file
2025-04-13 02:17:37,376 - ERROR - Error processing image(54).jpg: 
identity=[ImageReader@0x1e9d7cc7f20 filename='temp_visualization.png'] unrecognized data stream contents when reading image file
2025-04-13 02:17:37,789 - ERROR - Error processing image(51).jpg: 'Helvetica-Italic'
2025-04-13 02:17:38,800 - ERROR - Error processing image(52).jpg: 'Helvetica-Italic'
2025-04-13 02:17:39,527 - ERROR - Error processing image(56).jpg: 
identity=[ImageReader@0x1e9d68ca9c0 filename='temp_visualization.png'] unrecognized data stream contents when reading image file
2025-04-13 02:17:39,862 - ERROR - Error processing image(53).jpg: 'Helvetica-Italic'
2025-04-13 02:17:40,916 - ERROR - Error processing image(54).jpg: 'Helvetica-Italic'
2025-04-13 02:17:41,916 - ERROR - Error processing image(55).jpg: 'Helvetica-Italic'
2025-04-13 02:17:42,940 - ERROR - Error processing image(56).jpg: 'Helvetica-Italic'
2025-04-13 02:17:44,034 - ERROR - Error processing image(57).jpg: 'Helvetica-Italic'
2025-04-13 02:17:45,108 - ERROR - Error processing image(58).jpg: 'Helvetica-Italic'
2025-04-13 02:17:46,265 - ERROR - Error processing image(59).jpg: 'Helvetica-Italic'
2025-04-13 02:17:47,335 - ERROR - Error processing image(6).jpg: 'Helvetica-Italic'
2025-04-13 02:17:48,462 - ERROR - Error processing image(60).jpg: 'Helvetica-Italic'
2025-04-13 02:17:49,960 - ERROR - Error processing image(61).jpg: 'Helvetica-Italic'
2025-04-13 02:17:51,166 - ERROR - Error processing image(62).jpg: 'Helvetica-Italic'
2025-04-13 02:17:52,752 - ERROR - Error processing image(63).jpg: 'Helvetica-Italic'
2025-04-13 02:17:53,914 - ERROR - Error processing image(64).jpg: 
fileName='temp_visualization.png' identity=[ImageReader@0x29b3680fd40 filename='temp_visualization.png'] cannot identify image file <_io.BytesIO object at 0x0000029B38619170>
2025-04-13 02:17:54,911 - ERROR - Error processing image(65).jpg: 
identity=[ImageReader@0x29b33400f20 filename='temp_visualization.png'] unrecognized data stream contents when reading image file
2025-04-13 02:17:56,085 - ERROR - Error processing image(66).jpg: 'Helvetica-Italic'
2025-04-13 02:17:57,257 - ERROR - Error processing image(67).jpg: 'Helvetica-Italic'
2025-04-13 02:17:58,251 - ERROR - Error processing image(68).jpg: 'Helvetica-Italic'
2025-04-13 02:17:59,436 - ERROR - Error processing image(69).jpg: 'Helvetica-Italic'
2025-04-13 02:18:00,593 - ERROR - Error processing image(7).jpg: 'Helvetica-Italic'
2025-04-13 02:18:01,696 - ERROR - Error processing image(70).jpg: 'Helvetica-Italic'
2025-04-13 02:18:02,832 - ERROR - Error processing image(71).jpg: 'Helvetica-Italic'
2025-04-13 02:18:03,958 - ERROR - Error processing image(72).jpg: 'Helvetica-Italic'
2025-04-13 02:18:05,053 - ERROR - Error processing image(73).jpg: 'Helvetica-Italic'
2025-04-13 02:18:06,152 - ERROR - Error processing image(74).jpg: 'Helvetica-Italic'
2025-04-13 02:18:07,251 - ERROR - Error processing image(75).jpg: 'Helvetica-Italic'
2025-04-13 02:18:08,455 - ERROR - Error processing image(76).jpg: 'Helvetica-Italic'
2025-04-13 02:18:10,093 - ERROR - Error processing image(77).jpg: 'Helvetica-Italic'
2025-04-13 02:18:11,269 - ERROR - Error processing image(78).jpg: 'Helvetica-Italic'
2025-04-13 02:18:12,300 - ERROR - Error processing image(79).jpg: 'Helvetica-Italic'
2025-04-13 02:18:12,933 - ERROR - Error processing image(80).jpg: 
fileName='temp_visualization.png' identity=[ImageReader@0x1e9d69e9fa0 filename='temp_visualization.png'] cannot identify image file <_io.BytesIO object at 0x000001E9DDCEE6B0>
2025-04-13 02:18:13,391 - ERROR - Error processing image(8).jpg: 'Helvetica-Italic'
2025-04-13 02:18:14,491 - ERROR - Error processing image(80).jpg: 'Helvetica-Italic'
2025-04-13 02:18:15,636 - ERROR - Error processing image(81).jpg: 'Helvetica-Italic'
2025-04-13 02:18:16,360 - ERROR - Error processing image(83).jpg: 
identity=[ImageReader@0x1e9e0ffabd0 filename='temp_visualization.png'] broken PNG file (chunk b'\x00\x00\x00\x00')
2025-04-13 02:18:16,934 - ERROR - Error processing image(82).jpg: 'Helvetica-Italic'
2025-04-13 02:18:17,796 - ERROR - Error processing image(83).jpg: 
fileName='temp_visualization.png' identity=[ImageReader@0x29b3b8e99a0 filename='temp_visualization.png'] cannot identify image file <_io.BytesIO object at 0x0000029B3699C130>
2025-04-13 02:18:18,839 - ERROR - Error processing image(84).jpg: 'Helvetica-Italic'
2025-04-13 02:18:19,868 - ERROR - Error processing image(85).jpg: 'Helvetica-Italic'
2025-04-13 02:18:21,019 - ERROR - Error processing image(86).jpg: 'Helvetica-Italic'
2025-04-13 02:18:21,731 - ERROR - Error processing image(87).jpg: 
identity=[ImageReader@0x1e9d73382f0 filename='temp_visualization.png'] broken PNG file (chunk b'\x00\x00\x00\x00')
2025-04-13 02:18:22,300 - ERROR - Error processing image(87).jpg: 'Helvetica-Italic'
2025-04-13 02:18:23,358 - ERROR - Error processing image(88).jpg: 'Helvetica-Italic'
2025-04-13 02:18:24,969 - ERROR - Error processing image(89).jpg: 'Helvetica-Italic'
2025-04-13 02:18:26,080 - ERROR - Error processing image(9).jpg: 'Helvetica-Italic'
2025-04-13 02:18:28,015 - ERROR - Error processing image(90).jpg: 'Helvetica-Italic'
2025-04-13 02:18:29,058 - ERROR - Error processing image(91).jpg: 'Helvetica-Italic'
2025-04-13 02:18:30,084 - ERROR - Error processing image(92).jpg: 'Helvetica-Italic'
2025-04-13 02:18:31,261 - ERROR - Error processing image(93).jpg: 'Helvetica-Italic'
2025-04-13 02:18:32,121 - ERROR - Error processing image(94).jpg: 
identity=[ImageReader@0x29b3869de80 filename='temp_visualization.png'] unrecognized data stream contents when reading image file
2025-04-13 02:18:32,162 - ERROR - Error processing image(94).jpg: 
identity=[ImageReader@0x1e9ddfeec30 filename='temp_visualization.png'] unrecognized data stream contents when reading image file
2025-04-13 02:18:32,948 - ERROR - Error processing image(95).jpg: 
identity=[ImageReader@0x29b3ba4e240 filename='temp_visualization.png'] unrecognized data stream contents when reading image file
2025-04-13 02:18:34,116 - ERROR - Error processing image(96).jpg: 'Helvetica-Italic'
2025-04-13 02:18:35,227 - ERROR - Error processing image(97).jpg: 'Helvetica-Italic'
2025-04-13 02:18:35,911 - ERROR - Error processing image(98).jpg: 
identity=[ImageReader@0x1e9dd8ab920 filename='temp_visualization.png'] broken PNG file (chunk b'\x00\x00\x00\x00')
2025-04-13 02:18:36,260 - ERROR - Error processing image(98).jpg: 'Helvetica-Italic'
2025-04-13 02:18:37,443 - ERROR - Error processing image(99).jpg: 'Helvetica-Italic'
2025-04-13 02:18:38,611 - ERROR - Error processing image.jpg: 'Helvetica-Italic'
2025-04-13 02:18:39,465 - ERROR - Error processing image(1).jpg: 
identity=[ImageReader@0x1e9e363a360 filename='temp_visualization.png'] unrecognized data stream contents when reading image file
2025-04-13 02:18:39,589 - ERROR - Error processing image(1).jpg: 
identity=[ImageReader@0x29b2e5c4d70 filename='temp_visualization.png'] unrecognized data stream contents when reading image file
2025-04-13 02:18:40,368 - ERROR - Error processing image(10).jpg: 
identity=[ImageReader@0x1e9e0fb97f0 filename='temp_visualization.png'] broken PNG file (chunk b'\x00\x00\x00\x00')
2025-04-13 02:18:40,891 - ERROR - Error processing image(10).jpg: 'Helvetica-Italic'
2025-04-13 02:18:42,356 - ERROR - Error processing image(11).jpg: 'Helvetica-Italic'
2025-04-13 02:18:43,537 - ERROR - Error processing image(13).jpg: 'Helvetica-Italic'
2025-04-13 02:18:46,286 - ERROR - Error processing image(15).jpg: 'Helvetica-Italic'
2025-04-13 02:18:47,661 - ERROR - Error processing image(18).jpg: 'Helvetica-Italic'
2025-04-13 02:18:48,938 - ERROR - Error processing image(19).jpg: 'Helvetica-Italic'
2025-04-13 02:18:50,304 - ERROR - Error processing image(2).jpg: 'Helvetica-Italic'
2025-04-13 02:18:51,656 - ERROR - Error processing image(20).jpg: 'Helvetica-Italic'
2025-04-13 02:18:52,857 - ERROR - Error processing image(21).jpg: 'Helvetica-Italic'
2025-04-13 02:18:54,024 - ERROR - Error processing image(22).jpg: 'Helvetica-Italic'
2025-04-13 02:18:55,202 - ERROR - Error processing image(23).jpg: 'Helvetica-Italic'
2025-04-13 02:18:56,727 - ERROR - Error processing image(27).jpg: 'Helvetica-Italic'
2025-04-13 02:18:58,295 - ERROR - Error processing image(28).jpg: 'Helvetica-Italic'
2025-04-13 02:18:59,577 - ERROR - Error processing image(3).jpg: 'Helvetica-Italic'
2025-04-13 02:19:00,834 - ERROR - Error processing image(30).jpg: 'Helvetica-Italic'
2025-04-13 02:19:02,071 - ERROR - Error processing image(31).jpg: 'Helvetica-Italic'
2025-04-13 02:19:03,834 - ERROR - Error processing image(34).jpg: 'Helvetica-Italic'
2025-04-13 02:19:04,728 - ERROR - Error processing image(35).jpg: 
identity=[ImageReader@0x29b3680c290 filename='temp_visualization.png'] broken PNG file (chunk b'\x00\x00\x00\x00')
2025-04-13 02:19:06,025 - ERROR - Error processing image(36).jpg: 'Helvetica-Italic'
2025-04-13 02:19:07,359 - ERROR - Error processing image(37).jpg: 'Helvetica-Italic'
2025-04-13 02:19:08,754 - ERROR - Error processing image(38).jpg: 'Helvetica-Italic'
2025-04-13 02:19:10,146 - ERROR - Error processing image(41).jpg: 'Helvetica-Italic'
2025-04-13 02:19:11,603 - ERROR - Error processing image(42).jpg: 'Helvetica-Italic'
2025-04-13 02:19:13,510 - ERROR - Error processing image(43).jpg: 'Helvetica-Italic'
2025-04-13 02:19:14,813 - ERROR - Error processing image(44).jpg: 
identity=[ImageReader@0x29b3b84af30 filename='temp_visualization.png'] broken PNG file (chunk b'\x00\x00\x00\x00')
2025-04-13 02:19:16,610 - ERROR - Error processing image(45).jpg: 'Helvetica-Italic'
2025-04-13 02:19:17,445 - ERROR - Error processing image(22).jpg: 
identity=[ImageReader@0x1e9d730f020 filename='temp_visualization.png'] unrecognized data stream contents when reading image file
2025-04-13 02:19:18,302 - ERROR - Error processing image(46).jpg: 'Helvetica-Italic'
2025-04-13 02:19:19,515 - ERROR - Error processing image(47).jpg: 'Helvetica-Italic'
2025-04-13 02:19:20,832 - ERROR - Error processing image(48).jpg: 'Helvetica-Italic'
2025-04-13 02:19:21,988 - ERROR - Error processing image(49).jpg: 'Helvetica-Italic'
2025-04-13 02:19:22,827 - ERROR - Error processing image(5).jpg: 
identity=[ImageReader@0x29b38784770 filename='temp_visualization.png'] unrecognized data stream contents when reading image file
2025-04-13 02:19:24,042 - ERROR - Error processing image(28).jpg: 
identity=[ImageReader@0x1e9dd9beea0 filename='temp_visualization.png'] unrecognized data stream contents when reading image file
2025-04-13 02:19:24,629 - ERROR - Error processing image(51).jpg: 'Helvetica-Italic'
2025-04-13 02:19:26,014 - ERROR - Error processing image(52).jpg: 'Helvetica-Italic'
2025-04-13 02:19:26,962 - ERROR - Error processing image(53).jpg: 
identity=[ImageReader@0x29b3bb9c8c0 filename='temp_visualization.png'] broken PNG file (chunk b'\x00\x00\x00\x00')
2025-04-13 02:19:28,589 - ERROR - Error processing image(54).jpg: 'Helvetica-Italic'
2025-04-13 02:19:30,308 - ERROR - Error processing image(55).jpg: 'Helvetica-Italic'
2025-04-13 02:19:31,493 - ERROR - Error processing image(56).jpg: 'Helvetica-Italic'
2025-04-13 02:19:32,626 - ERROR - Error processing image(57).jpg: 'Helvetica-Italic'
2025-04-13 02:19:33,905 - ERROR - Error processing image(6).jpg: 'Helvetica-Italic'
2025-04-13 02:20:08,687 - INFO - Loading model from Brain_Tumor_Detection_Model.keras...
2025-04-13 02:20:09,628 - INFO - Model loaded successfully
2025-04-13 02:20:09,647 - INFO - Found 394 images to process
2025-04-13 02:21:19,044 - INFO - Loading model from Brain_Tumor_Detection_Model.keras...
2025-04-13 02:21:19,831 - INFO - Model loaded successfully
2025-04-13 02:21:19,850 - INFO - Found 394 images to process
2025-04-13 02:30:45,368 - INFO - Reports saved to C:\Users\Vardaan\OneDrive\Desktop\BrainTumorProject\AI_Reports
2025-04-13 04:01:35,628 - INFO - Loading model from Brain_Tumor_Detection_Model.keras...
2025-04-13 04:01:36,637 - INFO - Model loaded successfully
2025-04-13 04:01:36,663 - INFO - Found 394 images to process
2025-04-13 04:03:38,545 - ERROR - Error processing image(95).jpg: [Errno 2] No such file or directory: 'AI_Reports\\image(95)_report.pdf'
2025-04-13 04:03:39,536 - ERROR - Error processing image(97).jpg: [Errno 2] No such file or directory: 'AI_Reports\\image(97)_report.pdf'
2025-04-13 04:03:40,877 - ERROR - Error processing image(98).jpg: [Errno 2] No such file or directory: 'AI_Reports\\image(98)_report.pdf'
2025-04-13 04:03:41,980 - ERROR - Error processing image(99).jpg: [Errno 2] No such file or directory: 'AI_Reports\\image(99)_report.pdf'
2025-04-13 04:03:43,025 - ERROR - Error processing image.jpg: [Errno 2] No such file or directory: 'AI_Reports\\image_report.pdf'
2025-04-13 04:03:44,299 - ERROR - Error processing image(1).jpg: [Errno 2] No such file or directory: 'AI_Reports\\image(1)_report.pdf'
2025-04-13 04:03:45,410 - ERROR - Error processing image(10).jpg: [Errno 2] No such file or directory: 'AI_Reports\\image(10)_report.pdf'
2025-04-13 04:03:46,747 - ERROR - Error processing image(100).jpg: [Errno 2] No such file or directory: 'AI_Reports\\image(100)_report.pdf'
2025-04-13 04:03:48,016 - ERROR - Error processing image(102).jpg: [Errno 2] No such file or directory: 'AI_Reports\\image(102)_report.pdf'
2025-04-13 04:03:49,405 - ERROR - Error processing image(106).jpg: [Errno 2] No such file or directory: 'AI_Reports\\image(106)_report.pdf'
2025-04-13 04:03:50,778 - ERROR - Error processing image(107).jpg: [Errno 2] No such file or directory: 'AI_Reports\\image(107)_report.pdf'
2025-04-13 04:03:51,757 - ERROR - Error processing image(109).jpg: [Errno 2] No such file or directory: 'AI_Reports\\image(109)_report.pdf'
2025-04-13 04:03:53,167 - ERROR - Error processing image(11).jpg: [Errno 2] No such file or directory: 'AI_Reports\\image(11)_report.pdf'
2025-04-13 04:03:54,400 - ERROR - Error processing image(112).jpg: [Errno 2] No such file or directory: 'AI_Reports\\image(112)_report.pdf'
2025-04-13 04:03:55,351 - ERROR - Error processing image(113).jpg: [Errno 2] No such file or directory: 'AI_Reports\\image(113)_report.pdf'
2025-04-13 04:03:56,743 - ERROR - Error processing image(118).jpg: [Errno 2] No such file or directory: 'AI_Reports\\image(118)_report.pdf'
2025-04-13 04:03:58,004 - ERROR - Error processing image(12).jpg: [Errno 2] No such file or directory: 'AI_Reports\\image(12)_report.pdf'
2025-04-13 04:03:59,777 - ERROR - Error processing image(120).jpg: [Errno 2] No such file or directory: 'AI_Reports\\image(120)_report.pdf'
2025-04-13 04:04:00,826 - ERROR - Error processing image(121).jpg: [Errno 2] No such file or directory: 'AI_Reports\\image(121)_report.pdf'
2025-04-13 04:04:02,135 - ERROR - Error processing image(123).jpg: [Errno 2] No such file or directory: 'AI_Reports\\image(123)_report.pdf'
2025-04-13 04:04:03,617 - ERROR - Error processing image(124).jpg: [Errno 2] No such file or directory: 'AI_Reports\\image(124)_report.pdf'
2025-04-13 04:04:05,038 - ERROR - Error processing image(125).jpg: [Errno 2] No such file or directory: 'AI_Reports\\image(125)_report.pdf'
2025-04-13 04:04:06,509 - ERROR - Error processing image(126).jpg: [Errno 2] No such file or directory: 'AI_Reports\\image(126)_report.pdf'
2025-04-13 04:04:07,520 - ERROR - Error processing image(127).jpg: [Errno 2] No such file or directory: 'AI_Reports\\image(127)_report.pdf'
2025-04-13 04:04:08,852 - ERROR - Error processing image(13).jpg: [Errno 2] No such file or directory: 'AI_Reports\\image(13)_report.pdf'
2025-04-13 04:04:10,287 - ERROR - Error processing image(14).jpg: [Errno 2] No such file or directory: 'AI_Reports\\image(14)_report.pdf'
2025-04-13 04:04:11,705 - ERROR - Error processing image(15).jpg: [Errno 2] No such file or directory: 'AI_Reports\\image(15)_report.pdf'
2025-04-13 04:04:13,096 - ERROR - Error processing image(16).jpg: [Errno 2] No such file or directory: 'AI_Reports\\image(16)_report.pdf'
2025-04-13 04:04:14,444 - ERROR - Error processing image(17).jpg: [Errno 2] No such file or directory: 'AI_Reports\\image(17)_report.pdf'
2025-04-13 04:04:16,039 - ERROR - Error processing image(18).jpg: [Errno 2] No such file or directory: 'AI_Reports\\image(18)_report.pdf'
2025-04-13 04:04:17,386 - ERROR - Error processing image(19).jpg: [Errno 2] No such file or directory: 'AI_Reports\\image(19)_report.pdf'
2025-04-13 04:04:19,302 - ERROR - Error processing image(2).jpg: [Errno 2] No such file or directory: 'AI_Reports\\image(2)_report.pdf'
2025-04-13 04:04:20,697 - ERROR - Error processing image(20).jpg: [Errno 2] No such file or directory: 'AI_Reports\\image(20)_report.pdf'
2025-04-13 04:04:22,131 - ERROR - Error processing image(21).jpg: [Errno 2] No such file or directory: 'AI_Reports\\image(21)_report.pdf'
2025-04-13 04:04:23,038 - ERROR - Error processing image(22).jpg: [Errno 2] No such file or directory: 'AI_Reports\\image(22)_report.pdf'
2025-04-13 04:04:24,411 - ERROR - Error processing image(23).jpg: [Errno 2] No such file or directory: 'AI_Reports\\image(23)_report.pdf'
2025-04-13 04:04:25,752 - ERROR - Error processing image(24).jpg: [Errno 2] No such file or directory: 'AI_Reports\\image(24)_report.pdf'
2025-04-13 04:04:26,745 - ERROR - Error processing image(25).jpg: [Errno 2] No such file or directory: 'AI_Reports\\image(25)_report.pdf'
2025-04-13 04:04:28,084 - ERROR - Error processing image(26).jpg: [Errno 2] No such file or directory: 'AI_Reports\\image(26)_report.pdf'
2025-04-13 04:04:29,570 - ERROR - Error processing image(27).jpg: [Errno 2] No such file or directory: 'AI_Reports\\image(27)_report.pdf'
2025-04-13 04:04:30,933 - ERROR - Error processing image(28).jpg: [Errno 2] No such file or directory: 'AI_Reports\\image(28)_report.pdf'
2025-04-13 04:04:32,354 - ERROR - Error processing image(29).jpg: [Errno 2] No such file or directory: 'AI_Reports\\image(29)_report.pdf'
2025-04-13 04:04:33,658 - ERROR - Error processing image(3).jpg: [Errno 2] No such file or directory: 'AI_Reports\\image(3)_report.pdf'
2025-04-13 04:04:34,976 - ERROR - Error processing image(30).jpg: [Errno 2] No such file or directory: 'AI_Reports\\image(30)_report.pdf'
2025-04-13 04:04:36,475 - ERROR - Error processing image(31).jpg: [Errno 2] No such file or directory: 'AI_Reports\\image(31)_report.pdf'
2025-04-13 04:04:38,274 - ERROR - Error processing image(32).jpg: [Errno 2] No such file or directory: 'AI_Reports\\image(32)_report.pdf'
2025-04-13 04:04:39,782 - ERROR - Error processing image(33).jpg: [Errno 2] No such file or directory: 'AI_Reports\\image(33)_report.pdf'
2025-04-13 04:04:41,359 - ERROR - Error processing image(34).jpg: [Errno 2] No such file or directory: 'AI_Reports\\image(34)_report.pdf'
2025-04-13 04:04:42,837 - ERROR - Error processing image(35).jpg: [Errno 2] No such file or directory: 'AI_Reports\\image(35)_report.pdf'
2025-04-13 04:04:44,391 - ERROR - Error processing image(36).jpg: [Errno 2] No such file or directory: 'AI_Reports\\image(36)_report.pdf'
2025-04-13 04:04:45,991 - ERROR - Error processing image(37).jpg: [Errno 2] No such file or directory: 'AI_Reports\\image(37)_report.pdf'
2025-04-13 04:04:47,535 - ERROR - Error processing image(38).jpg: [Errno 2] No such file or directory: 'AI_Reports\\image(38)_report.pdf'
2025-04-13 04:04:49,020 - ERROR - Error processing image(39).jpg: [Errno 2] No such file or directory: 'AI_Reports\\image(39)_report.pdf'
2025-04-13 04:04:49,995 - ERROR - Error processing image(4).jpg: [Errno 2] No such file or directory: 'AI_Reports\\image(4)_report.pdf'
2025-04-13 04:04:51,412 - ERROR - Error processing image(40).jpg: [Errno 2] No such file or directory: 'AI_Reports\\image(40)_report.pdf'
2025-04-13 04:04:52,824 - ERROR - Error processing image(41).jpg: [Errno 2] No such file or directory: 'AI_Reports\\image(41)_report.pdf'
2025-04-13 04:04:54,311 - ERROR - Error processing image(42).jpg: [Errno 2] No such file or directory: 'AI_Reports\\image(42)_report.pdf'
2025-04-13 04:04:55,679 - ERROR - Error processing image(43).jpg: [Errno 2] No such file or directory: 'AI_Reports\\image(43)_report.pdf'
2025-04-13 04:04:57,133 - ERROR - Error processing image(44).jpg: [Errno 2] No such file or directory: 'AI_Reports\\image(44)_report.pdf'
2025-04-13 04:04:58,982 - ERROR - Error processing image(45).jpg: [Errno 2] No such file or directory: 'AI_Reports\\image(45)_report.pdf'
2025-04-13 04:05:00,384 - ERROR - Error processing image(46).jpg: [Errno 2] No such file or directory: 'AI_Reports\\image(46)_report.pdf'
2025-04-13 04:05:01,737 - ERROR - Error processing image(47).jpg: [Errno 2] No such file or directory: 'AI_Reports\\image(47)_report.pdf'
2025-04-13 04:05:03,140 - ERROR - Error processing image(48).jpg: [Errno 2] No such file or directory: 'AI_Reports\\image(48)_report.pdf'
2025-04-13 04:05:04,212 - ERROR - Error processing image(49).jpg: [Errno 2] No such file or directory: 'AI_Reports\\image(49)_report.pdf'
2025-04-13 04:05:05,212 - ERROR - Error processing image(5).jpg: [Errno 2] No such file or directory: 'AI_Reports\\image(5)_report.pdf'
2025-04-13 04:05:06,574 - ERROR - Error processing image(50).jpg: [Errno 2] No such file or directory: 'AI_Reports\\image(50)_report.pdf'
2025-04-13 04:05:07,535 - ERROR - Error processing image(51).jpg: [Errno 2] No such file or directory: 'AI_Reports\\image(51)_report.pdf'
2025-04-13 04:05:08,833 - ERROR - Error processing image(52).jpg: [Errno 2] No such file or directory: 'AI_Reports\\image(52)_report.pdf'
2025-04-13 04:05:10,119 - ERROR - Error processing image(53).jpg: [Errno 2] No such file or directory: 'AI_Reports\\image(53)_report.pdf'
2025-04-13 04:05:11,037 - ERROR - Error processing image(54).jpg: [Errno 2] No such file or directory: 'AI_Reports\\image(54)_report.pdf'
2025-04-13 04:05:12,342 - ERROR - Error processing image(55).jpg: [Errno 2] No such file or directory: 'AI_Reports\\image(55)_report.pdf'
2025-04-13 04:05:13,785 - ERROR - Error processing image(56).jpg: [Errno 2] No such file or directory: 'AI_Reports\\image(56)_report.pdf'
2025-04-13 04:05:15,200 - ERROR - Error processing image(57).jpg: [Errno 2] No such file or directory: 'AI_Reports\\image(57)_report.pdf'
2025-04-13 04:05:17,020 - ERROR - Error processing image(58).jpg: [Errno 2] No such file or directory: 'AI_Reports\\image(58)_report.pdf'
2025-04-13 04:05:18,509 - ERROR - Error processing image(59).jpg: [Errno 2] No such file or directory: 'AI_Reports\\image(59)_report.pdf'
2025-04-13 04:05:20,020 - ERROR - Error processing image(6).jpg: [Errno 2] No such file or directory: 'AI_Reports\\image(6)_report.pdf'
2025-04-13 04:05:21,436 - ERROR - Error processing image(60).jpg: [Errno 2] No such file or directory: 'AI_Reports\\image(60)_report.pdf'
2025-04-13 04:05:22,414 - ERROR - Error processing image(61).jpg: [Errno 2] No such file or directory: 'AI_Reports\\image(61)_report.pdf'
2025-04-13 04:05:23,872 - ERROR - Error processing image(62).jpg: [Errno 2] No such file or directory: 'AI_Reports\\image(62)_report.pdf'
2025-04-13 04:05:25,292 - ERROR - Error processing image(63).jpg: [Errno 2] No such file or directory: 'AI_Reports\\image(63)_report.pdf'
2025-04-13 04:06:47,629 - INFO - Loading model from Brain_Tumor_Detection_Model.keras...
2025-04-13 04:06:48,270 - INFO - Model loaded successfully
2025-04-13 04:06:48,288 - INFO - Found 394 images to process
2025-04-13 04:14:34,893 - INFO - Reports saved to C:\Users\Vardaan\OneDrive\Desktop\BrainTumorProject\AI_Reports
2025-04-13 17:39:19,779 - INFO - Loading model from Brain_Tumor_Detection_Model.keras...
2025-04-13 17:39:20,547 - INFO - Model loaded successfully
2025-04-13 17:39:20,573 - INFO - Found 394 images to process
2025-04-13 17:47:16,253 - INFO - Reports saved to C:\Users\Vardaan\OneDrive\Desktop\BrainTumorProject\AI_Reports
